CONV_ACS, 2.5.5.78, Sun May 03 01:06:04 2020

Import EDIF netlist 'C:\USERS\IVAN\DESKTOP\PROCES~1\LABS\PROCESS\rom.edn'
Symbol 'rom', port 'A<0>' has been renamed to 'A0'
Symbol 'rom', port 'A<1>' has been renamed to 'A1'
Symbol 'rom', port 'A<2>' has been renamed to 'A2'
Symbol 'rom', port 'A<3>' has been renamed to 'A3'
Symbol 'rom', port 'DO<0>' has been renamed to 'DO0'
Symbol 'rom', port 'DO<1>' has been renamed to 'DO1'
Symbol 'rom', port 'DO<2>' has been renamed to 'DO2'
Symbol 'rom', port 'DO<3>' has been renamed to 'DO3'
Symbol 'rom', port 'DO<4>' has been renamed to 'DO4'
Symbol 'rom', port 'DO<5>' has been renamed to 'DO5'
Symbol 'rom', port 'DO<6>' has been renamed to 'DO6'
Symbol 'rom', port 'DO<7>' has been renamed to 'DO7'
Symbol 'rom', port 'DO<8>' has been renamed to 'DO8'
Symbol 'rom', port 'DO<9>' has been renamed to 'DO9'
Symbol 'rom', port 'DO<10>' has been renamed to 'DO10'
Symbol 'rom', port 'DO<11>' has been renamed to 'DO11'
Symbol 'rom', port 'DO<12>' has been renamed to 'DO12'
Symbol 'rom', port 'DO<13>' has been renamed to 'DO13'
Symbol 'rom', port 'DO<14>' has been renamed to 'DO14'
Symbol 'rom', port 'DO<15>' has been renamed to 'DO15'
Symbol 'rom', port 'DO<16>' has been renamed to 'DO16'
Symbol 'rom', port 'DO<17>' has been renamed to 'DO17'
Symbol 'rom', port 'DO<18>' has been renamed to 'DO18'
Symbol 'rom', port 'DO<19>' has been renamed to 'DO19'
Symbol 'rom', port 'DO<20>' has been renamed to 'DO20'
Symbol 'rom', port 'DO<21>' has been renamed to 'DO21'
Symbol 'rom', port 'DO<22>' has been renamed to 'DO22'
Symbol 'rom', port 'DO<23>' has been renamed to 'DO23'
Symbol 'rom', port 'A<0>' has been renamed to 'A0'
Symbol 'rom', port 'A<1>' has been renamed to 'A1'
Symbol 'rom', port 'A<2>' has been renamed to 'A2'
Symbol 'rom', port 'A<3>' has been renamed to 'A3'
Import EDIF netlist finished successfully
