Loading - C:\DOCUME~1\N\DESKTOP\XILINX\BO\bo.alb
   Loading library default timing values
Info 9240: The following node is sourceless:
   NODE: Y7, $I72.CE.
Info 9240: The following node is sourceless:
   NODE: Y5, $I8.I1, $I7.I1, $I6.I1, $I5.I1, $I1.CI.
Info 9240: The following node is sourceless:
   NODE: Y4, $I13.S0, $I14.S0, $I15.S0, $I16.S0.
Info 9239: The following node is loadless:
   NODE: R2, $I54.O.
Info 9239: The following node is loadless:
   NODE: PR, $I98.Q.
Info 9239: The following node is loadless:
   NODE: R1, $I53.O.
Info 9239: The following node is loadless:
   NODE: R3, $I55.O.
Info 9240: The following node is sourceless:
   NODE: Y8, $I72.CLR.
Info 9240: The following node is sourceless:
   NODE: Y6, $I72.L.
Info 9240: The following node is sourceless:
   NODE: C, $I72.C, $I2.C, $I73.C, $I98.C, $I75.C, $I96.C.
Info 9240: The following node is sourceless:
   NODE: Y1, $I2.CE.
Info 9240: The following node is sourceless:
   NODE: LA0, $I2.D0.
Info 9239: The following node is loadless:
   NODE: F1, $I30.O.
Info 9239: The following node is loadless:
   NODE: F2, $I31.O.
Info 9240: The following node is sourceless:
   NODE: Y2, $I74.S0, $I73.L.
Info 9240: The following node is sourceless:
   NODE: Y3, $I73.CE, $I75.CE.
Info 9240: The following node is sourceless:
   NODE: LB0, $I32.I.
Info 9240: The following node is sourceless:
   NODE: LB1, $I33.I.
Info 9240: The following node is sourceless:
   NODE: LB2, $I34.I.
Info 9240: The following node is sourceless:
   NODE: LB3, $I35.I.
Info 9240: The following node is sourceless:
   NODE: LA3, $I2.D3.
Info 9240: The following node is sourceless:
   NODE: LA2, $I2.D2.
Info 9240: The following node is sourceless:
   NODE: LA1, $I2.D1.
Info 9239: The following node is loadless:
   NODE: R0, $I52.O.
Info 9239: The following node is loadless:
   NODE: ZF, $I96.Q.
Info 9240: The following node is sourceless:
   NODE: Y9, $I96.CE.
Info 9240: The following node is sourceless:
   NODE: Y10, $I98.CE.
Loading - ADD4
   Loading library default timing values
Loading - FD4CE
   Loading library default timing values
Loading - SR4CLE
   Loading library default timing values
Loading - M2_1
   Loading library default timing values
Info 9240: The following node is sourceless:
   NODE:       LA1,       $I2/D1
Info 9240: The following node is sourceless:
   NODE:       LA2,       $I2/D2
Info 9240: The following node is sourceless:
   NODE:       LA3,       $I2/D3
Info 9240: The following node is sourceless:
   NODE:       Y3,       $I73/CE
Info 9240: The following node is sourceless:
   NODE:       Y2,       $I74/S0,       $I73/L,       $I73/MQ3/S0,       $I73/MQ2/S...
Info 9240: The following node is sourceless:
   NODE:       LA0,       $I2/D0
Info 9240: The following node is sourceless:
   NODE:       Y1,       $I2/CE
Info 9240: The following node is sourceless:
   NODE:       C,       $I72/C,       $I2/C
Info 9240: The following node is sourceless:
   NODE:       Y6,       $I72/L,       $I72/MQ3/S0,       $I72/MQ2/S0,       $I72/MQ1/S0
Info 9240: The following node is sourceless:
   NODE:       Y8,       $I72/CLR
Info 9240: The following node is sourceless:
   NODE:       Y4,       $I13/S0,       $I14/S0,       $I15/S0,       $I16/S0
Info 9240: The following node is sourceless:
   NODE:       Y5,       $I1/CI
Info 9240: The following node is sourceless:
   NODE:       Y7,       $I72/CE
===============================
Memory usage statistics:
    Total number of allocated memory blocks: 149 (0)
    Total number of memory reallocations: 3
    Total length of memory used to load the netlist: 256 kB (0)
    Number of system memory blocks (total/long): 1/0
Netlist loaded in: 0 seconds
===============================
