Release 4.1i - LogiBLOX Gui E.30

Copyright (c) 1995-2001 Xilinx, Inc.  All rights reserved.

WARNING:Portability:111 - Message file "LBGui.msg" wasn't found.


Running LogiBLOX DRC for Module 'op'....
Creating VHDL Simulation Model 'op.vhd'....
Creating NGC Netlist 'op.ngc'....
Running LogiBLOX expansion on symbol "op"...

Creating EDIF Simulation Model 'op.edn'....
Release 4.1i - ngd2edif E.30
Copyright (c) 1995-2001 Xilinx, Inc.  All rights reserved.
ngd2edif: Reading design C:/WINNT/TEMP/op.ngd ...
ngd2edif: Specializing design ...
ngd2edif:   Flattening design ...
ngd2edif:   Flattening design completed.
ngd2edif: Adding the appropriate PHYSONLY signals to the appropriate simprims.
ngd2edif: Specializing design completed.

ngd2edif: Processing design ...
ngd2edif:   Preping physical only global signals ...
ngd2edif:   Preping design's networks ...
ngd2edif:   Preping design's macros ...
ngd2edif: Preping design completed.

ngd2edif: Writing file op.xmm completed.

ngd2edif: Writing EDIF netlist file op.edn ...
ngd2edif: Writing file op.edn completed.

Creating Module File 'op.mod'....
Done.
